BrainComputerInteraction/Temp/gradleOut/build/outputs/logs/manifest-merger-release-report.txt
-- Merging decision tree log ---
manifest
ADDED from src/main/AndroidManifest.xml:2:1-27:12
	package
		ADDED from src/main/AndroidManifest.xml:2:70-98
		INJECTED from src/main/AndroidManifest.xml
		INJECTED from src/main/AndroidManifest.xml
	android:versionName
		ADDED from src/main/AndroidManifest.xml:2:123-148
		INJECTED from src/main/AndroidManifest.xml
		INJECTED from src/main/AndroidManifest.xml
	android:versionCode
		ADDED from src/main/AndroidManifest.xml:2:99-122
		INJECTED from src/main/AndroidManifest.xml
		INJECTED from src/main/AndroidManifest.xml
	xmlns:android
		ADDED from src/main/AndroidManifest.xml:2:11-69
	android:installLocation
		ADDED from src/main/AndroidManifest.xml:2:149-189
supports-screens
ADDED from src/main/AndroidManifest.xml:3:3-163
	android:largeScreens
		ADDED from src/main/AndroidManifest.xml:3:78-105
	android:smallScreens
		ADDED from src/main/AndroidManifest.xml:3:21-48
	android:normalScreens
		ADDED from src/main/AndroidManifest.xml:3:49-77
	android:xlargeScreens
		ADDED from src/main/AndroidManifest.xml:3:106-134
	android:anyDensity
		ADDED from src/main/AndroidManifest.xml:3:135-160
uses-permission#android.permission.ACCESS_COARSE_LOCATION
ADDED from src/main/AndroidManifest.xml:5:3-79
	android:name
		ADDED from src/main/AndroidManifest.xml:5:20-76
uses-permission#android.permission.BLUETOOTH
ADDED from src/main/AndroidManifest.xml:6:3-66
	android:name
		ADDED from src/main/AndroidManifest.xml:6:20-63
uses-permission#android.permission.BLUETOOTH_ADMIN
ADDED from src/main/AndroidManifest.xml:7:3-72
	android:name
		ADDED from src/main/AndroidManifest.xml:7:20-69
uses-permission#android.permission.WRITE_EXTERNAL_STORAGE
ADDED from src/main/AndroidManifest.xml:8:3-79
	android:name
		ADDED from src/main/AndroidManifest.xml:8:20-76
application
ADDED from src/main/AndroidManifest.xml:9:3-21:17
	android:label
		ADDED from src/main/AndroidManifest.xml:9:92-124
	android:icon
		ADDED from src/main/AndroidManifest.xml:9:58-91
	android:banner
		ADDED from src/main/AndroidManifest.xml:9:147-184
	android:theme
		ADDED from src/main/AndroidManifest.xml:9:16-57
	android:isGame
		ADDED from src/main/AndroidManifest.xml:9:125-146
activity#com.unity3d.player.UnityPlayerActivity
ADDED from src/main/AndroidManifest.xml:10:5-17:16
	android:screenOrientation
		ADDED from src/main/AndroidManifest.xml:10:102-140
	android:label
		ADDED from src/main/AndroidManifest.xml:10:69-101
	android:hardwareAccelerated
		ADDED from src/main/AndroidManifest.xml:10:355-390
	android:launchMode
		ADDED from src/main/AndroidManifest.xml:10:141-172
	android:configChanges
		ADDED from src/main/AndroidManifest.xml:10:173-354
	android:name
		ADDED from src/main/AndroidManifest.xml:10:15-68
intent-filter#android.intent.action.MAIN+android.intent.category.LAUNCHER+android.intent.category.LEANBACK_LAUNCHER
ADDED from src/main/AndroidManifest.xml:11:7-15:23
action#android.intent.action.MAIN
ADDED from src/main/AndroidManifest.xml:12:9-61
	android:name
		ADDED from src/main/AndroidManifest.xml:12:17-58
category#android.intent.category.LAUNCHER
ADDED from src/main/AndroidManifest.xml:13:9-69
	android:name
		ADDED from src/main/AndroidManifest.xml:13:19-66
category#android.intent.category.LEANBACK_LAUNCHER
ADDED from src/main/AndroidManifest.xml:14:9-78
	android:name
		ADDED from src/main/AndroidManifest.xml:14:19-75
meta-data#unityplayer.UnityActivity
ADDED from src/main/AndroidManifest.xml:16:7-82
	android:value
		ADDED from src/main/AndroidManifest.xml:16:59-79
	android:name
		ADDED from src/main/AndroidManifest.xml:16:18-58
meta-data#unity.build-id
ADDED from src/main/AndroidManifest.xml:18:5-101
	android:value
		ADDED from src/main/AndroidManifest.xml:18:46-98
	android:name
		ADDED from src/main/AndroidManifest.xml:18:16-45
meta-data#unity.splash-mode
ADDED from src/main/AndroidManifest.xml:19:5-69
	android:value
		ADDED from src/main/AndroidManifest.xml:19:49-66
	android:name
		ADDED from src/main/AndroidManifest.xml:19:16-48
meta-data#unity.splash-enable
ADDED from src/main/AndroidManifest.xml:20:5-74
	android:value
		ADDED from src/main/AndroidManifest.xml:20:51-71
	android:name
		ADDED from src/main/AndroidManifest.xml:20:16-50
uses-feature#0x00020000
ADDED from src/main/AndroidManifest.xml:22:3-52
	android:glEsVersion
		ADDED from src/main/AndroidManifest.xml:22:17-49
uses-permission#android.permission.INTERNET
ADDED from src/main/AndroidManifest.xml:23:3-65
	android:name
		ADDED from src/main/AndroidManifest.xml:23:20-62
uses-feature#android.hardware.touchscreen
ADDED from src/main/AndroidManifest.xml:24:3-88
	android:required
		ADDED from src/main/AndroidManifest.xml:24:61-85
	android:name
		ADDED from src/main/AndroidManifest.xml:24:17-60
uses-feature#android.hardware.touchscreen.multitouch
ADDED from src/main/AndroidManifest.xml:25:3-99
	android:required
		ADDED from src/main/AndroidManifest.xml:25:72-96
	android:name
		ADDED from src/main/AndroidManifest.xml:25:17-71
uses-feature#android.hardware.touchscreen.multitouch.distinct
ADDED from src/main/AndroidManifest.xml:26:3-108
	android:required
		ADDED from src/main/AndroidManifest.xml:26:81-105
	android:name
		ADDED from src/main/AndroidManifest.xml:26:17-80
uses-sdk
INJECTED from src/main/AndroidManifest.xml reason: use-sdk injection requested
	android:targetSdkVersion
		INJECTED from src/main/AndroidManifest.xml
		INJECTED from src/main/AndroidManifest.xml
	android:minSdkVersion
		INJECTED from src/main/AndroidManifest.xml
		INJECTED from src/main/AndroidManifest.xml